0 info it worked if it ends with ok
1 verbose cli [ '/Users/cchung_macbook/.nvm/nvm/versions/node/v6.9.5/bin/node',
1 verbose cli   '/Users/cchung_macbook/.nvm/nvm/versions/node/v6.9.5/bin/npm',
1 verbose cli   'run',
1 verbose cli   'build' ]
2 info using npm@3.10.10
3 info using node@v6.9.5
4 verbose run-script [ 'prebuild', 'build', 'postbuild' ]
5 info lifecycle webcompat@~prebuild: webcompat@
6 silly lifecycle webcompat@~prebuild: no script for prebuild, continuing
7 info lifecycle webcompat@~build: webcompat@
8 verbose lifecycle webcompat@~build: unsafe-perm in lifecycle true
9 verbose lifecycle webcompat@~build: PATH: /Users/cchung_macbook/.nvm/nvm/versions/node/v6.9.5/lib/node_modules/npm/bin/node-gyp-bin:/programming/web/mozilla_webcompat/fix071216/fork-webcompat.com/node_modules/.bin:/Users/cchung_macbook/.nvm/nvm/versions/node/v6.9.5/bin:usr/local/Cellar/python/2.7.9/bin:/Library/Java/JavaVirtualMachines/jdk1.8.0_45.jdk/Contents/Home/bin:/Applications/selenium-server-2.41.0/selenium-server-standalone-2.41.0.jar:/Library/Java/JavaVirtualMachines/jdk1.8.0_45.jdk/Contents/Home/lib/yuicompressor-2.4.8.jar:/usr/local/Cellar/ruby/2.2.2/bin:data/elasticsearch-1.5.2/bin:/Applications/Firefox44/Firefox.app/Contents/MacOS/:/Applications/Google/chromedriver2.22/:/Applications/Postgres.app/Contents/Versions/latest/bin:yarn global bin:/Users/cchung_macbook/.rvm/gems/ruby-1.9.3-p429/bin:/Users/cchung_macbook/.rvm/gems/ruby-1.9.3-p429@global/bin:/Users/cchung_macbook/.rvm/rubies/ruby-1.9.3-p429/bin:/Users/cchung_macbook/.rvm/bin:/usr/local/bin:/usr/bin:/bin:/usr/sbin:/sbin:/$HOME/Applications/Google/Chrome/chromedriver.exe:/usr/local/Cellar/mongodb/3.0.0/bin:/opt/X11/bin:/usr/local/git/bin:/usr/local/MacGPG2/bin
10 verbose lifecycle webcompat@~build: CWD: /programming/web/mozilla_webcompat/fix071216/fork-webcompat.com
11 silly lifecycle webcompat@~build: Args: [ '-c', 'grunt' ]
12 silly lifecycle webcompat@~build: Returned: code: 3  signal: null
13 info lifecycle webcompat@~build: Failed to exec build script
14 verbose stack Error: webcompat@ build: `grunt`
14 verbose stack Exit status 3
14 verbose stack     at EventEmitter.<anonymous> (/Users/cchung_macbook/.nvm/nvm/versions/node/v6.9.5/lib/node_modules/npm/lib/utils/lifecycle.js:255:16)
14 verbose stack     at emitTwo (events.js:106:13)
14 verbose stack     at EventEmitter.emit (events.js:191:7)
14 verbose stack     at ChildProcess.<anonymous> (/Users/cchung_macbook/.nvm/nvm/versions/node/v6.9.5/lib/node_modules/npm/lib/utils/spawn.js:40:14)
14 verbose stack     at emitTwo (events.js:106:13)
14 verbose stack     at ChildProcess.emit (events.js:191:7)
14 verbose stack     at maybeClose (internal/child_process.js:877:16)
14 verbose stack     at Process.ChildProcess._handle.onexit (internal/child_process.js:226:5)
15 verbose pkgid webcompat@
16 verbose cwd /programming/web/mozilla_webcompat/fix071216/fork-webcompat.com/webcompat
17 error Darwin 14.5.0
18 error argv "/Users/cchung_macbook/.nvm/nvm/versions/node/v6.9.5/bin/node" "/Users/cchung_macbook/.nvm/nvm/versions/node/v6.9.5/bin/npm" "run" "build"
19 error node v6.9.5
20 error npm  v3.10.10
21 error code ELIFECYCLE
22 error webcompat@ build: `grunt`
22 error Exit status 3
23 error Failed at the webcompat@ build script 'grunt'.
23 error Make sure you have the latest version of node.js and npm installed.
23 error If you do, this is most likely a problem with the webcompat package,
23 error not with npm itself.
23 error Tell the author that this fails on your system:
23 error     grunt
23 error You can get information on how to open an issue for this project with:
23 error     npm bugs webcompat
23 error Or if that isn't available, you can get their info via:
23 error     npm owner ls webcompat
23 error There is likely additional logging output above.
24 verbose exit [ 1, true ]
